Nov 07 02:20 : exception: Failed to open '/home/supercode/.config/mpd/mpdstate': No such file or directory
Nov 07 02:20 : update: added Music/GALA - Freed from desire [Official Video]-p3l7fgvrEKM.mp3
Nov 07 02:20 : update: added Music/Bewiz - Master Hacker.mp3
Nov 07 02:20 : update: added Music/Loft - Hold on-sv0HoBkmEUw.mp3
Nov 07 02:20 : update: added Music/Sandra - In The Heat Of The Night [Movies Montage]-m-n5rY3ticM.mp3
Nov 07 02:20 : update: added Music/ｌｏｆｉ　ｈａｃｋｉｎｇ　ｍｉｘ　営めぇ-sk9y2WsqsS8.mp3
Nov 07 02:20 : update: added Music/HORUS ☥ HORMIGÓN.mp3
Nov 07 02:20 : update: added Music/Alphaville - Big In Japan (Extended 12'' Version Edit)-sjGl-pq4RxQ.mp3
Nov 07 02:20 : update: added Music/Self Control-Ucmo6hDZRSY.mp3
Nov 07 02:20 : update: added Music/999999999 - X0003000X [NTNLTD001X]-ylCVkCstuo4.mp3
Nov 07 02:20 : update: added Music/GO2 - Spitfire.mp3
Nov 07 02:20 : update: added Music/Give Me Your Love.mp3
Nov 07 02:20 : update: added Music/PENSAMIEN - Dasein.mp3
Nov 07 02:20 : update: added Music/YTCracker - Computer Crime.mp3
Nov 07 02:20 : update: added Music/Modern Talking - Cheri Cheri Lady (Official Music Video)-eNvUS-6PTbs.mp3
Nov 07 02:20 : update: added Music/Boney M. - Daddy Cool (Sopot Festival 1979)-FYGTT7YhywA.mp3
Nov 07 02:20 : update: added Music/PENSAMIEN - Niveles de energía.mp3
Nov 07 02:20 : update: added Music/Yazoo - Don´t Go (Original 12 Inch Remix 1982) HQ SOUND-ZG5LJvAxjQ4.mp3
Nov 07 02:20 : update: added Music/Bewiz - Owned.mp3
Nov 07 02:20 : update: added Music/TOP 20 Sandra Greatest Hits Full Album 80's 90's-   Best of Sandra 2021.mp3
Nov 07 02:20 : update: added Music/Kodak Black - Crazy (Verzide Remix).mp3
Nov 07 02:20 : update: added Music/Eddy Mugre -- Vamos.mp3
Nov 07 02:20 : update: added Music/YTCracker - Zero Tolerance.mp3
Nov 07 02:20 : update: added Music/Maxx - Get A Way (Official Video)-7uhWJATdXMA.mp3
Nov 07 02:20 : update: added Music/Windows96 - Enchanted Instrumentals and Whispers.mp3
Nov 07 02:20 : update: added Music/Sandra - Little girl (1985)-MhytRCMN0ko.mp3
Nov 07 02:20 : update: added Music/Europe - The Final Countdown (Official Video)-9jK-NcRmVcw.mp3
Nov 07 02:20 : update: added Music/Part-Time Lover-bgmMpT_m-t4.mp3
Nov 07 02:20 : update: added Music/Boney M. - Rasputin (Sopot Festival 1979)-16y1AkoZkmQ.mp3
Nov 07 02:20 : update: added Music/Fuck The Police Hacker Rap.mp3
Nov 07 02:20 : update: added Music/Work That Love-48r3E5euCPs.mp3
Nov 07 02:20 : update: added Music/SNAP! - Rhythm Is A Dancer (Official Video)-JYIaWeVL1JM.mp3
Nov 07 02:20 : update: added Music/Bon Jovi - Livin' On A Prayer-lDK9QqIzhwk.mp3
Nov 07 02:20 : update: added Music/EUROBEAT MIX for jaded Lonely Drivers-SrFo7Gy-m2g.mp3
Nov 07 02:20 : update: added Music/INTRO_TECHNO.mp3
Nov 07 02:20 : update: added Music/KASE.O - YEMEN (Prod. EL ARKEOLOGO) VideoClip Oficial.mp3
Nov 07 02:20 : update: added Music/Kiss - I Was Made For Lovin' You-ZhIsAZO5gl0.mp3
Nov 07 02:20 : update: added Music/La Bouche - Be My Lover (Official Video)-ViP87WipSm0.mp3
Nov 07 02:20 : update: added Music/YTCracker- MegaNerd (Next-Gen Remix).mp3
Nov 07 02:20 : update: added Music/Haxzalot Leech Axss.mp3
Nov 07 02:20 : update: added Music/Rod Stewart - Da Ya Think I'm Sexy (Official Video) [HD Remaster]-Hphwfq1wLJs.mp3
Nov 07 02:20 : update: added Music/AYAX - L' ENFANT TERRIBLE (PROD BLASFEM) VIDEOCLIP.mp3
Nov 07 02:20 : update: added Music/Dual Core - Beginning of the end.mp3
Nov 07 02:20 : update: added Music/YTCracker - I Am a Pirate (+ Lyrics).mp3
Nov 07 02:20 : update: added Music/Modern Talking - Brother Louie (Video)-Lp2qcCrdBLA.mp3
Nov 07 02:20 : update: added Music/Sylvester  ' Do You Wanna Funk '(Subtitulos en español) 1982-jGsKElmbtS0.mp3
Nov 07 02:20 : update: added Music/Doble you - run to me-gLKv7qLup9M.mp3
Nov 07 02:20 : update: added Music/Fun Factory - Close To You (Close To Ragga Remix) 1994-0hRcPZ8kN8I.mp3
Nov 07 02:20 : update: added Music/MECAL -  Mascota y Lápiz.mp3
Nov 07 02:20 : update: added Music/ytcracker - subnet mask off.mp3
Nov 07 02:20 : update: added Music/Sandra - In The Heat Of The Night • TopPop-Qea9sk4IQ7k.mp3
Nov 07 02:20 : update: added Music/PENSAMIEN - Incuantificable.mp3
Nov 07 02:20 : update: added Music/Dual Core - Life's Work.mp3
Nov 07 02:20 : update: added Music/Throne I Own - YTCracker.mp3
Nov 07 02:20 : update: added Music/Mr.President - Coco Jamboo (1996) [Official Video]-EScLmWJs82I.mp3
Nov 07 02:20 : update: added Music/LOFI VIBES pt 3! [Lofi 8-bit _ Gaming Mix] - Beats to game_create_relax_! (2-HOUR MIX!)-6qu5C-KKjtE.mp3
Nov 07 02:20 : update: added Music/MEGAMIX DISCO HOUSE 2022 VOL. 2 📀 (MICHAEL JACKSON, CHIC, SNAP!, DAFT.P, KOOL & THE GANG, AND MORE.)-6J5I6UQQFrw.mp3
Nov 07 02:20 : update: added Music/Earth, Wind & Fire - Boogie Wonderland (Official Video)-god7hAPv8f0.mp3
Nov 07 02:20 : update: added Music/Initial D - Golden Age.mp3
Nov 07 02:20 : update: added Music/Hackers and Crackers by Zearle.mp3
Nov 07 02:20 : update: added Music/Haddaway - What Is Love [Official]-HEXWRTEbj1I.mp3
Nov 07 02:20 : update: added Music/Jambo, Jambo, Jambo.mp3
Nov 07 02:20 : update: added Music/Maxx - No More (I Can't Stand It) (Official Video)-P0z8E-LBTcc.mp3
Nov 07 02:20 : update: added Music/Beat of the Rising Sun (2020 Version).mp3
Nov 07 02:20 : update: added Music/Ice MC - It's a Rainy Day [Official Video]-ZlYDqL_mudI.mp3
Nov 07 02:20 : update: added Music/Corona - The Rhythm of the Night (Official Music Video)-OnT58cIJSpw.mp3
Nov 07 02:20 : update: added Music/Men At Work - Down Under (Official HD Video)-XfR9iY5y94s.mp3
Nov 07 02:20 : update: added Music/Modern Talking - You're My Heart, You're My Soul (Official Music Video)-4kHl4FoK1Ys.mp3
Nov 07 02:20 : update: added Music/Bee Gees - Stayin' Alive (Official Music Video)-fNFzfwLM72c.mp3
Nov 07 02:20 : update: added Music/Windows96 _ One Hundred Mornings.mp3
Nov 07 02:20 : update: added Music/Initial D - Heartbeat.mp3
Nov 07 02:20 : update: added Music/Alexia-amp-ICE-MC-Super-Megamix-6eu3kyXet8M-www.mp3tunes.mobi.mp4-Ap_ybhtFp6g.mp3
Nov 07 02:20 : update: added Music/SUPER EUROBEAT MIX.mp3
Nov 07 02:20 : update: added Music/K4000 - Life is a Gift [Official Audio].mp3
Nov 07 02:20 : update: added Music/Dschinghis Khan - Moskau (Live 1979 HD)-EPdn9_h2dCY.mp3
Nov 07 02:20 : update: added Music/PC Engine (TurboGrafx-16) sample play example-OeumEuD5uAc.mp3
Nov 07 02:20 : update: added Music/PENSAMIEN - Primera Investigación.mp3
Nov 07 02:20 : update: added Music/Dual Core - I Remember (ft. ytcracker).mp3
Nov 07 02:21 : exception: Failed to open /home/supercode/.config/mpd/playlists: No such file or directory
Nov 07 02:21 : exception: Failed to open /home/supercode/.config/mpd/playlists: No such file or directory
Nov 07 02:21 : exception: Failed to open /home/supercode/.config/mpd/playlists: No such file or directory
Nov 07 02:21 : exception: Failed to open /home/supercode/.config/mpd/playlists: No such file or directory
Nov 07 02:22 : player: played "Music/Jambo, Jambo, Jambo.mp3"
Nov 07 02:22 : exception: Failed to open /home/supercode/.config/mpd/playlists: No such file or directory
Nov 07 02:24 : player: played "Music/Jambo, Jambo, Jambo.mp3"
Nov 07 02:24 : exception: Failed to open /home/supercode/.config/mpd/playlists: No such file or directory
Nov 07 02:24 : exception: Failed to open /home/supercode/.config/mpd/playlists: No such file or directory
Nov 07 02:24 : exception: Failed to open /home/supercode/.config/mpd/playlists: No such file or directory
Nov 07 02:24 : exception: Failed to open /home/supercode/.config/mpd/playlists: No such file or directory
Nov 07 02:24 : exception: Failed to open /home/supercode/.config/mpd/playlists: No such file or directory
Nov 07 02:24 : exception: Failed to open /home/supercode/.config/mpd/playlists: No such file or directory
Nov 07 02:24 : exception: Failed to open /home/supercode/.config/mpd/playlists: No such file or directory
Nov 07 02:24 : exception: Failed to open /home/supercode/.config/mpd/playlists: No such file or directory
Nov 07 02:24 : exception: Failed to open /home/supercode/.config/mpd/playlists: No such file or directory
Nov 07 02:24 : exception: Failed to open /home/supercode/.config/mpd/playlists: No such file or directory
Nov 07 02:24 : exception: Failed to open /home/supercode/.config/mpd/playlists: No such file or directory
Nov 07 02:24 : exception: Failed to open /home/supercode/.config/mpd/playlists: No such file or directory
Nov 07 02:24 : exception: Failed to open /home/supercode/.config/mpd/playlists: No such file or directory
Nov 07 02:29 : player: played "Music/EUROBEAT MIX for jaded Lonely Drivers-SrFo7Gy-m2g.mp3"
Nov 07 02:29 : exception: Not playing
Nov 07 02:29 : exception: Not playing
Nov 07 02:38 : player: played "Music/Loft - Hold on-sv0HoBkmEUw.mp3"
Nov 07 02:49 : player: played "Music/PC Engine (TurboGrafx-16) sample play example-OeumEuD5uAc.mp3"
Nov 07 03:01 : player: played "Music/Rod Stewart - Da Ya Think I'm Sexy (Official Video) [HD Remaster]-Hphwfq1wLJs.mp3"
Nov 07 03:31 : exception: Failed to open /home/supercode/.config/mpd/playlists: No such file or directory
Nov 07 03:31 : exception: Failed to open /home/supercode/.config/mpd/playlists: No such file or directory
Nov 07 03:33 : player: played "Music/Jambo, Jambo, Jambo.mp3"
Nov 07 03:34 : exception: Failed to open /home/supercode/.config/mpd/playlists: No such file or directory
Nov 07 03:34 : player: played "Music/Jambo, Jambo, Jambo.mp3"
Nov 07 03:34 : exception: Failed to open /home/supercode/.config/mpd/playlists: No such file or directory
Nov 07 03:34 : exception: Failed to open /home/supercode/.config/mpd/playlists: No such file or directory
Nov 07 03:34 : player: played "Music/999999999 - X0003000X [NTNLTD001X]-ylCVkCstuo4.mp3"
Nov 07 03:35 : player: played "Music/999999999 - X0003000X [NTNLTD001X]-ylCVkCstuo4.mp3"
Nov 07 03:35 : player: played "Music/999999999 - X0003000X [NTNLTD001X]-ylCVkCstuo4.mp3"
Nov 13 17:03 : player: played "Music/Alexia-amp-ICE-MC-Super-Megamix-6eu3kyXet8M-www.mp3tunes.mobi.mp4-Ap_ybhtFp6g.mp3"
Nov 13 17:10 : player: played "Music/YTCracker - Zero Tolerance.mp3"
Nov 13 17:25 : player: played "Music/Dual Core - Beginning of the end.mp3"
Nov 13 17:28 : player: played "Music/EUROBEAT MIX for jaded Lonely Drivers-SrFo7Gy-m2g.mp3"
